a	10.306451612903226
ability	9.880952380952381
able	9.589341692789969
about	10.228013029315960
above	9.896193771626297
abroad	9.843260188087774
absolutely	9.955089820359282
abuse	9.357859531772576
accept	9.783950617283951
acceptable	9.510067114093960
access	10.084112149532711
accident	10.123123123123124
according	10.183673469387756
account	9.984177215189874
accurate	10.335483870967742
accuse	10.076086956521738
achieve	9.931271477663230
acquire	9.996621621621621
across	10.127596439169139
act	10.137931034482758
action	10.031250000000000
active	9.705454545454545
activity	10.058064516129033
actor	9.769938650306749
actual	10.310679611650485
actually	9.599431818181818
ad	9.673139158576053
adapt	9.901315789473685
add	10.400630914826499
addition	9.343042071197411
additional	10.087096774193549
address	9.487889273356402
adjust	9.974522292993630
administration	9.600638977635782
administrative	10.394904458598726
admire	9.991044776119402
admit	10.528846153846153
adopt	10.275229357798166
adult	9.940559440559440
advance	10.416149068322982
advanced	9.853582554517134
advantage	10.026470588235295
advertising	10.119718309859154
advice	10.390572390572391
affair	9.498360655737704
affect	10.091549295774648
afford	9.842948717948717
afraid	9.885620915032680
after	10.130872483221477
afternoon	9.711180124223603
again	10.079470198675496
against	10.110726643598616
age	9.401840490797547
agency	10.182119205298013
agent	9.813504823151126
aggressive	10.151315789473685
ago	10.003125000000001
agree	10.074433656957929
agreement	10.061349693251534
ahead	10.003300330033003
air	9.768683274021353
airline	9.783699059561128
airport	10.279069767441861
alarm	9.652037617554859
alcohol	9.396721311475410
alive	10.619377162629759
all	9.612377850162867
allow	10.437106918238994
almost	10.470198675496690
alone	9.761732851985560
along	10.277027027027026
already	9.651376146788991
also	10.040498442367602
alternative	10.181208053691275
although	10.296187683284458
altogether	9.985029940119761
always	10.170138888888889
amazing	10.085798816568047
ambition	10.165562913907285
among	9.665551839464882
amount	10.058823529411764
an	10.167701863354038
analysis	10.472312703583063
analyst	10.198630136986301
and	9.769759450171822
anger	9.996710526315789
angle	10.308196721311475
angry	9.533132530120483
animal	9.778135048231512
announce	10.224422442244224
annual	10.331230283911673
another	9.756598240469208
answer	10.117834394904458
anticipate	9.881188118811881
anxiety	10.137457044673539
anxious	9.885448916408668
any	10.023102310231023
anybody	9.963576158940397
anyone	10.279999999999999
anything	10.040880503144654
anyway	9.936962750716333
anywhere	9.442073170731707
apart	10.019169329073483
apartment	10.390163934426230
apologize	9.771604938271604
appeal	9.704861111111111
appear	10.545787545787546
appearance	9.678082191780822
apple	10.268041237113403
application	10.020338983050847
apply	10.083333333333334
appointment	10.351437699680512
appreciate	9.527868852459017
approach	10.199288256227758
appropriate	10.336391437308869
approve	9.795731707317072
are	10.008771929824562
area	10.141955835962145
argue	9.718045112781954
argument	9.932692307692308
arise	9.929878048780488
arm	9.834808259587021
army	10.515923566878980
around	10.141891891891891
arrival	9.773700305810397
arrive	10.436781609195402
art	9.815068493150685
article	9.957446808510639
as	10.336666666666666
aside	10.021148036253777
ask	10.184027777777779
asleep	9.804195804195805
aspect	9.750000000000000
assignment	10.220496894409937
assist	10.247588424437300
assistance	10.199395770392750
assistant	10.074468085106384
associate	9.777777777777779
association	10.177631578947368
assume	10.058181818181819
assumption	10.228840125391850
assure	9.606918238993710
at	9.507836990595612
atmosphere	10.069620253164556
attach	9.764331210191083
attack	9.793510324483776
attempt	9.688524590163935
attend	9.871257485029940
attention	10.609929078014185
attitude	10.027303754266212
attract	10.111111111111111
audience	10.310447761194030
author	10.338461538461539
automatic	9.884488448844884
automatically	10.215873015873015
available	10.856269113149848
average	9.721682847896441
avoid	10.880000000000001
award	9.587155963302752
aware	10.210909090909091
awareness	9.671826625386997
away	10.160409556313994
baby	9.339233038348082
back	9.335463258785943
background	9.643086816720258
bad	9.997032640949556
bag	10.651245551601424
bake	9.832835820895522
balance	9.854166666666666
ball	9.958199356913184
band	10.114093959731544
bank	10.044368600682594
bar	9.987878787878788
base	10.006211180124224
baseball	9.935185185185185
basic	9.517241379310345
basically	10.527331189710610
basis	10.153605015673982
basket	9.734693877551020
bat	9.177018633540373
bath	9.785478547854785
bathroom	10.011560693641618
battle	10.083591331269350
be	10.232919254658386
beach	10.182389937106919
bear	9.901898734177216
beat	9.625386996904025
beautiful	9.816053511705686
because	10.264984227129338
become	9.791139240506329
bed	10.161716171617162
bedroom	9.963696369636963
been	10.110389610389610
beer	9.708823529411765
before	9.578431372549019
begin	9.820433436532507
beginning	9.883333333333333
behave	9.594512195121951
behind	10.323129251700680
being	10.013745704467354
believe	10.252365930599369
bell	9.662251655629140
belong	10.126760563380282
below	10.127147766323024
belt	9.796825396825398
bench	9.589576547231271
bend	9.811209439528023
benefit	10.182098765432098
best	10.261744966442953
bet	10.044067796610170
better	9.338323353293413
between	9.320689655172414
beyond	10.315960912052118
bicycle	9.885802469135802
bid	10.339041095890410
big	10.332142857142857
bike	10.198300283286120
bill	10.169934640522875
bird	9.737762237762238
birth	9.978395061728396
birthday	10.273615635179153
bit	9.726114649681529
bite	10.155279503105589
bitter	9.931740614334471
black	10.545454545454545
blame	10.049019607843137
blank	10.242105263157894
blind	9.837455830388693
block	9.760606060606060
blood	9.582491582491583
blow	10.044025157232705
blue	10.293577981651376
board	10.213559322033898
boat	10.089506172839506
body	10.007604562737642
bone	10.617543859649123
bonus	9.721088435374149
book	9.803508771929824
boot	10.124600638977636
border	9.816254416961131
boring	9.758741258741258
born	10.682119205298013
borrow	10.015873015873016
boss	10.152249134948097
both	9.880398671096346
bother	9.890625000000000
bottle	9.845425867507887
bottom	9.464396284829721
bowl	9.739520958083832
box	9.689855072463768
boy	9.588235294117647
boyfriend	10.151079136690647
brain	10.178674351585014
branch	9.585284280936454
brave	9.949664429530202
bread	9.881250000000000
break	10.236666666666666
breakfast	10.149812734082397
breast	10.482758620689655
breath	9.897009966777409
brick	9.550488599348535
bridge	9.520000000000000
brief	9.439739413680782
briefly	9.580441640378549
bright	10.387096774193548
brilliant	9.983818770226538
bring	9.913846153846153
broad	10.272131147540984
brother	9.904918032786885
brown	10.161716171617162
brush	10.242718446601941
buddy	9.964539007092199
budget	9.533101045296167
bug	9.970802919708030
build	9.740072202166065
building	9.863492063492064
bunch	10.154320987654321
burn	9.469648562300319
bus	10.506578947368421
business	10.471186440677966
busy	9.952076677316294
but	9.939209726443769
button	9.844827586206897
buy	10.182965299684543
buyer	10.085714285714285
by	10.223642172523961
cabinet	10.293918918918919
cable	9.818493150684931
cake	10.303797468354430
calculate	9.895306859205776
calendar	10.551495016611296
call	9.878289473684211
calm	9.964285714285714
camera	10.079881656804734
camp	9.895348837209303
campaign	9.705128205128204
can	9.782747603833865
cancel	10.029940119760479
cancer	9.595238095238095
candidate	10.604729729729730
candle	10.133333333333333
candy	10.231270358306189
cap	10.500000000000000
capable	10.470198675496690
capital	10.330065359477125
car	10.154098360655738
card	9.869415807560138
care	10.241379310344827
career	10.078125000000000
careful	9.705521472392638
carefully	9.594594594594595
carpet	10.138983050847457
carry	9.899665551839465
case	9.987012987012987
cash	10.081504702194357
cat	10.256849315068493
catch	10.058282208588958
category	10.196428571428571
cause	9.907051282051283
celebrate	9.614379084967320
celebration	9.739884393063583
cell	10.338368580060424
certain	9.838487972508592
certainly	10.344512195121951
chain	9.589506172839506
chair	9.534296028880867
challenge	10.120300751879700
champion	9.566775244299674
championship	9.409722222222221
chance	9.993127147766323
change	10.195804195804195
channel	9.854430379746836
chapter	10.058064516129033
character	9.897360703812316
charge	10.525925925925925
charity	10.011869436201781
chart	9.567114093959731
cheap	10.026819923371647
check	9.725075528700906
cheek	10.207006369426752
chemical	9.705882352941176
chemistry	9.770226537216828
chest	10.359223300970873
chicken	10.144230769230770
child	10.232704402515724
childhood	10.572881355932203
chip	9.989898989898990
chocolate	9.915857605177994
choice	10.013071895424837
choose	9.730769230769230
church	9.990476190476191
cigarette	9.846153846153847
city	9.881818181818181
civil	9.953987730061350
claim	9.457627118644067
class	10.032362459546926
classic	10.167721518987342
classroom	9.796238244514107
clean	9.322784810126583
clear	10.008902077151335
clearly	9.578231292517007
clerk	9.835616438356164
click	9.565371024734983
client	10.791798107255520
climate	10.158730158730158
clock	9.782178217821782
close	10.138643067846608
closed	9.698305084745762
closely	9.660066006600660
closet	10.090614886731391
clothes	10.383900928792571
cloud	10.126213592233009
club	10.160714285714286
clue	10.504823151125402
coach	9.958860759493671
coast	10.330985915492958
coat	10.125401929260450
code	9.902173913043478
coffee	10.191558441558442
cold	10.255892255892256
collar	10.156250000000000
collect	10.195046439628483
collection	10.293729372937294
college	10.744047619047619
combination	10.065573770491802
combine	10.065476190476190
come	9.741721854304636
comfort	10.406040268456376
comfortable	9.886153846153846
command	9.826923076923077
comment	10.015432098765432
commercial	10.115894039735100
commission	10.347540983606557
commit	9.987381703470032
committee	9.486486486486486
common	10.114197530864198
communicate	10.418300653594772
communication	9.804487179487179
community	10.123417721518987
company	9.590322580645161
compare	10.335570469798657
comparison	10.465624999999999
compete	9.801324503311259
competition	9.926056338028170
competitive	9.907849829351536
complain	9.967261904761905
complaint	10.142857142857142
complete	10.551495016611296
completely	10.461300309597524
complex	10.446666666666667
complicated	9.972602739726028
comprehensive	10.550819672131148
computer	9.536977491961414
concentrate	10.221212121212121
concept	10.019230769230770
concern	9.884210526315789
concerned	9.802588996763754
concerning	10.488958990536277
concert	10.103244837758112
conclusion	10.311475409836065
condition	10.289156626506024
conference	10.033846153846154
confidence	10.191222570532915
confident	10.092643051771118
confirm	9.871874999999999
conflict	10.028391167192430
confusion	9.663043478260869
connect	10.133757961783440
connection	10.288135593220339
conscious	9.938080495356036
consequence	9.567741935483872
consider	10.088435374149659
consideration	9.671924290220820
consist	9.036666666666667
consistent	10.291784702549576
constant	9.517460317460317
constantly	10.231023102310232
construction	10.269624573378840
consult	10.347266881028938
contact	9.958188153310104
contain	9.822147651006711
content	10.296296296296296
contest	10.324590163934426
context	9.763578274760384
continue	9.152647975077882
contract	10.006600660066006
contribute	9.729903536977492
contribution	9.813880126182966
control	10.557553956834532
conversation	9.687500000000000
convert	9.858552631578947
convince	9.932515337423313
cook	9.795302013422818
cookie	10.601351351351351
cool	9.747508305647841
copy	9.875432525951558
corner	9.929447852760736
correct	9.145328719723183
cost	9.972972972972974
could	10.320000000000000
count	9.669669669669670
counter	9.595744680851064
country	9.824137931034484
county	10.573248407643312
couple	9.869706840390879
courage	9.822784810126583
course	10.052795031055901
court	9.610561056105611
cousin	10.000000000000000
cover	9.934640522875817
cow	9.987179487179487
crack	9.350515463917526
craft	10.551094890510949
crash	9.941747572815533
crazy	9.806451612903226
cream	10.191919191919192
create	10.022508038585210
creative	10.032894736842104
credit	10.206557377049180
crew	9.813868613138686
critical	9.678571428571429
criticism	9.962145110410095
criticize	10.076388888888889
cross	9.668656716417910
cry	10.269230769230770
cultural	9.979661016949153
culture	9.677192982456141
cup	10.297546012269938
curious	10.528813559322034
currency	10.280276816608996
current	9.235820895522387
currently	9.708474576271186
curve	10.021671826625386
customer	9.752411575562700
cut	10.169329073482428
cute	9.931972789115646
cycle	10.344481605351170
dad	10.674121405750800
daily	9.862068965517242
damage	10.100000000000000
dance	9.971061093247588
dangerous	10.077966101694916
dare	10.133550488599349
dark	10.228476821192054
data	9.940298507462687
database	9.615646258503402
date	10.403571428571428
daughter	10.364485981308411
day	9.844067796610169
dead	10.576051779935275
deal	10.044303797468354
dealer	10.136222910216718
dear	9.728873239436620
death	10.006024096385541
debate	9.862190812720849
debt	9.612244897959183
decent	9.758308157099698
decide	9.996527777777779
decision	9.738317757009346
deep	10.216981132075471
deeply	9.654320987654321
definitely	9.676375404530745
definition	10.103773584905660
degree	9.984177215189874
delay	10.021978021978022
deliberately	10.007380073800737
deliver	9.661016949152541
delivery	9.775862068965518
demand	10.249275362318841
department	10.367088607594937
departure	10.289285714285715
depend	10.199999999999999
dependent	9.864864864864865
deposit	10.211309523809524
depression	10.006578947368421
depth	10.049668874172186
describe	9.694006309148264
description	9.800000000000001
deserve	9.472140762463344
design	9.877419354838709
designer	10.343653250773993
desire	9.926056338028170
desk	9.938144329896907
desperate	10.420711974110032
despite	9.963934426229509
destroy	10.380782918149466
detail	10.081761006289309
detailed	9.980519480519481
determine	9.451612903225806
develop	10.003389830508475
development	9.586102719033233
device	9.615384615384615
devil	10.180428134556575
diamond	10.039513677811550
die	10.388349514563107
diet	10.320945945945946
differ	9.893081761006290
difference	9.838827838827839
different	9.956666666666667
difficult	10.405940594059405
difficulty	10.303116147308781
dig	10.154088050314465
dimension	10.233009708737864
dinner	9.780405405405405
direct	10.428571428571429
direction	9.556547619047619
directly	10.133779264214047
director	10.150326797385620
dirt	9.984375000000000
dirty	9.630662020905923
disagree	9.636363636363637
disappointed	10.690184049079754
disaster	10.149390243902438
discipline	10.333333333333334
discount	10.099041533546325
discover	9.973597359735974
discuss	10.407284768211921
discussion	10.081967213114755
disease	9.916967509025271
dish	9.680645161290322
disk	10.394833948339484
display	10.037174721189592
distance	10.100946372239747
distinct	10.142384105960264
distribute	10.023738872403561
distribution	9.543973941368078
district	9.663333333333334
divide	10.289377289377290
do	10.169435215946844
doctor	10.071428571428571
document	10.222570532915361
does	9.723404255319149
dog	10.126213592233009
door	9.711974110032363
dot	9.590000000000000
double	9.795918367346939
doubt	9.558823529411764
down	10.033333333333333
downtown	10.106451612903227
draft	10.297658862876254
drag	9.695238095238095
drama	10.407017543859649
dramatic	10.113496932515337
draw	9.297202797202797
drawer	9.638629283489097
drawing	10.312302839116720
dream	10.026143790849673
dress	9.340067340067341
drink	9.962318840579711
drive	10.195652173913043
driver	9.540059347181009
drop	9.874149659863946
drunk	9.981012658227849
dry	9.731861198738171
due	10.098639455782314
dump	10.029605263157896
during	9.993377483443709
dust	10.214285714285714
duty	10.241887905604720
each	10.241830065359476
ear	10.083601286173634
early	10.190476190476190
earn	10.468013468013469
earth	10.043189368770765
ease	10.365781710914455
easily	10.304347826086957
east	9.761764705882353
eastern	10.303630363036303
easy	10.016891891891891
eat	10.201365187713311
economics	10.052959501557632
economy	10.135761589403973
edge	9.974440894568691
editor	10.201298701298700
education	9.144444444444444
educational	9.954098360655738
effect	10.555956678700362
effective	9.976608187134502
effectively	10.212418300653594
efficiency	9.762214983713354
efficient	9.852517985611511
effort	10.022801302931596
egg	9.572413793103449
either	9.870481927710843
election	9.469255663430420
electrical	10.408805031446541
electronic	9.803986710963455
elevator	9.860759493670885
else	10.116071428571429
elsewhere	10.399305555555555
embarrassed	9.336700336700337
emergency	10.081081081081081
emotion	10.254838709677419
emotional	9.974358974358974
emphasis	9.948387096774194
emphasize	9.498293515358363
employ	10.220689655172414
employee	10.594936708860759
employer	10.019736842105264
employment	10.249146757679181
empty	9.680608365019012
enable	10.270903010033445
encourage	10.552050473186119
encouraging	10.033742331288343
end	9.569852941176471
energy	10.114695340501791
engage	9.943620178041543
engine	9.956521739130435
engineer	10.117647058823529
engineering	10.593639575971732
enhance	9.404761904761905
enjoy	9.700617283950617
enough	9.850000000000000
ensure	10.352159468438538
enter	10.266233766233766
entertainment	9.836309523809524
enthusiasm	10.157377049180328
entire	9.927444794952681
entrance	9.747368421052631
entry	10.039473684210526
environment	10.275747508305647
environmental	10.096273291925465
equal	9.891447368421053
equally	10.126760563380282
equipment	10.331058020477816
equivalent	10.003484320557492
error	9.509259259259260
escape	9.481355932203391
especially	9.836666666666666
essay	10.606666666666667
essentially	9.939393939393939
establish	9.770226537216828
establishment	10.363372093023257
estate	10.358730158730159
estimate	9.765517241379310
even	9.657492354740061
evening	9.686930091185410
event	9.769736842105264
eventually	10.266435986159170
ever	9.952380952380953
every	9.710622710622710
everybody	9.826797385620916
everyone	10.140575079872205
everything	10.069182389937106
everywhere	9.969072164948454
evidence	9.500000000000000
exact	9.405204460966543
exactly	9.514563106796116
exam	9.993127147766323
examination	9.680000000000000
examine	10.539936102236421
example	10.281879194630873
excellent	9.934426229508198
except	10.067961165048544
exchange	9.917525773195877
excitement	10.217105263157896
exciting	9.511551155115512
excuse	10.321070234113712
exercise	10.759740259740260
exist	9.780327868852458
existing	10.018348623853210
exit	9.357859531772576
expand	10.380136986301370
expect	10.115107913669064
expensive	10.605839416058394
experience	9.911864406779660
experienced	10.066666666666666
expert	9.759493670886076
explain	10.108974358974359
explanation	10.466442953020135
explore	9.768166089965398
expose	10.050898203592814
express	9.846153846153847
expression	10.069696969696970
extend	10.223300970873787
extension	9.634551495016611
extent	9.938775510204081
external	10.369565217391305
extra	10.240924092409241
extreme	9.407534246575343
extremely	10.229357798165138
eye	9.655948553054662
face	10.116197183098592
fact	9.919161676646707
factor	10.281853281853282
fail	10.104477611940299
failure	9.689320388349515
fair	10.252559726962458
fairly	10.260188087774294
fall	9.936454849498327
false	9.973684210526315
familiar	10.125000000000000
family	10.042424242424243
famous	9.945762711864408
fan	9.953125000000000
far	9.797427652733118
farm	9.820512820512821
farmer	9.550488599348535
fast	9.488599348534201
fat	10.137254901960784
father	10.250814332247558
fault	10.177215189873417
fear	9.938566552901024
feature	9.910652920962200
federal	9.211604095563139
fee	9.721804511278195
feed	10.077639751552795
feedback	9.483221476510067
feel	10.012738853503185
feeling	10.055737704918032
female	10.193220338983052
few	9.487341772151899
field	9.731629392971247
fight	10.219354838709677
figure	9.860317460317461
file	9.689419795221843
fill	10.353146853146853
film	9.365384615384615
final	9.457236842105264
finally	9.874608150470220
finance	9.597902097902098
financial	9.671186440677966
find	10.600649350649350
finding	10.293918918918919
fine	10.060498220640570
finger	9.990740740740740
finish	10.016181229773462
fire	9.767973856209151
firm	9.577639751552795
first	9.679867986798680
fish	10.409556313993175
fishing	9.864077669902912
fit	9.773413897280967
fix	9.867986798679867
fixed	10.225165562913908
flat	9.050000000000001
flight	10.532608695652174
floor	9.563934426229508
flow	9.937125748502995
flower	9.941558441558442
fly	9.903114186851210
focus	10.356617647058824
fold	9.978056426332289
follow	9.631901840490798
following	10.396946564885496
food	10.128930817610064
foot	10.033783783783784
football	10.420382165605096
for	10.430000000000000
force	10.423676012461058
foreign	9.631419939577039
forever	9.283439490445859
forget	9.817307692307692
form	10.476014760147601
formal	9.829431438127090
former	10.613636363636363
forth	9.684210526315789
fortune	9.832786885245902
forward	10.017751479289942
foundation	9.616564417177914
frame	10.196581196581196
free	9.827361563517915
freedom	10.330935251798561
frequent	9.843195266272190
frequently	10.495327102803738
fresh	10.215189873417721
friend	9.663265306122449
friendly	10.073482428115016
friendship	9.379746835443038
from	10.435975609756097
front	9.567656765676567
fruit	10.000000000000000
fuel	10.009708737864077
full	9.696369636963697
fully	10.327217125382264
fun	10.179856115107913
function	9.950495049504951
funeral	10.522336769759450
funny	10.019736842105264
future	10.262295081967213
gain	9.480392156862745
game	9.770034843205575
gap	9.436065573770492
garage	10.325657894736842
garbage	10.689873417721518
garden	10.062717770034844
gas	10.018181818181818
gate	10.009316770186336
gather	9.905956112852664
gear	9.852201257861635
gene	9.791946308724832
general	10.059602649006623
generally	9.958762886597938
generate	10.003067484662576
gently	10.114186851211073
get	9.668918918918919
gift	9.554054054054054
girl	10.209375000000000
girlfriend	10.141342756183745
give	10.326797385620916
glad	9.749196141479100
glass	9.644578313253012
global	9.755417956656347
glove	10.522184300341298
go	10.093023255813954
goal	10.059016393442622
god	9.735099337748345
gold	9.896440129449838
golf	10.409677419354839
good	9.392617449664430
government	9.870431893687707
grab	10.415094339622641
grade	10.234113712374581
grand	10.063758389261745
grandfather	9.786666666666667
grandmother	9.862416107382550
grass	9.897660818713451
great	9.241935483870968
greatly	10.501474926253687
green	10.125850340136054
grocery	10.790613718411553
gross	10.593750000000000
ground	10.160655737704918
group	10.259740259740260
grow	9.973134328358208
growth	10.020066889632107
guarantee	10.097560975609756
guard	10.093862815884476
guess	10.855633802816902
guest	9.454248366013072
guidance	10.239130434782609
guide	10.243827160493828
guilty	9.324137931034484
guitar	9.822525597269625
guy	9.758865248226950
habit	9.067692307692308
had	9.908256880733944
hair	10.416149068322982
half	9.996644295302014
hall	10.243986254295532
hand	10.098726114649681
handle	9.486577181208053
hang	9.755417956656347
happen	10.342560553633218
happy	9.900000000000000
hard	10.132686084142394
hardly	9.891719745222931
harm	9.883870967741936
has	9.778911564625851
hat	9.691558441558442
hate	9.897763578274761
have	10.498327759197325
he	10.111801242236025
head	10.129370629370630
health	10.022435897435898
healthy	9.926984126984127
hear	10.034482758620690
hearing	9.955719557195572
heart	9.543130990415335
heat	10.194528875379939
heavy	9.768421052631579
height	9.772307692307692
hell	9.684563758389261
hello	9.600000000000000
help	10.060126582278482
helpful	10.374581939799331
her	9.612040133779264
here	10.533101045296167
herself	10.148606811145511
hesitate	9.501683501683502
hi	9.932142857142857
hide	10.133540372670808
high	9.874100719424460
highlight	9.618421052631579
highly	10.288135593220339
highway	9.899686520376175
him	10.045454545454545
himself	9.989932885906040
hire	10.015723270440251
his	9.856187290969899
historian	10.492492492492492
historical	9.687719298245614
history	10.185897435897436
hit	10.189189189189189
hold	9.967213114754099
hole	9.588235294117647
holiday	9.537764350453172
home	10.461038961038961
homework	9.886435331230285
honest	9.461818181818181
honestly	10.088328075709779
honey	9.911357340720222
hook	9.831125827814569
hope	10.285285285285285
hopefully	9.993902439024390
horror	10.003448275862070
horse	9.941538461538462
hospital	9.888888888888889
host	9.853035143769969
hot	10.024137931034483
hotel	9.784246575342467
hour	10.085987261146498
house	9.864238410596027
housing	10.216718266253871
how	10.564784053156146
however	9.896321070234114
huge	10.197952218430034
human	10.030508474576271
hungry	10.009584664536741
hunt	10.087613293051360
hurry	9.893772893772894
hurt	10.252427184466020
husband	10.241042345276872
i	10.583596214511042
ice	10.099315068493151
idea	10.032934131736527
ideal	10.321070234113712
identify	9.927152317880795
if	9.475000000000000
ignore	9.589905362776026
ill	10.076923076923077
illegal	10.655172413793103
illustrate	9.168539325842696
image	9.570000000000000
imagination	10.175548589341693
imagine	9.981012658227849
immediate	9.814332247557003
immediately	10.216463414634147
impact	10.050793650793651
implement	10.034129692832764
imply	9.824915824915825
importance	10.347133757961783
important	10.080229226361032
impossible	9.659163987138264
impress	10.039999999999999
impression	9.401253918495298
impressive	9.929260450160772
improve	10.191222570532915
improvement	10.309090909090909
in	9.510769230769231
incident	10.031914893617021
include	9.993421052631579
including	9.956521739130435
income	9.723809523809523
incorporate	10.213836477987421
increase	10.061093247588424
independence	10.352941176470589
independent	10.169696969696970
indicate	9.821428571428571
indication	9.638888888888889
individual	10.182662538699690
industry	9.765273311897106
inevitable	9.987421383647799
inflation	9.768707482993197
influence	9.728522336769759
inform	10.643598615916956
informal	9.742372881355932
information	10.159468438538205
initial	10.233766233766234
initially	10.146341463414634
initiative	9.863924050632912
injury	9.805555555555555
inner	9.853046594982079
insect	9.985401459854014
inside	10.276872964169382
insist	9.706713780918728
inspection	9.565495207667732
inspector	10.223602484472050
install	10.250000000000000
instance	9.683333333333334
instead	9.754448398576512
instruction	9.673076923076923
insurance	9.899390243902438
intelligent	9.604790419161677
intend	9.752613240418118
intention	10.037037037037036
interaction	10.233438485804417
interest	9.882550335570469
interested	10.019933554817277
interesting	10.156923076923077
internal	9.687898089171975
international	9.978395061728396
internet	10.075075075075075
interview	9.822006472491909
into	10.050724637681160
introduce	10.234177215189874
introduction	9.924914675767917
invest	9.636075949367088
investigate	9.968454258675079
investment	9.769480519480519
invite	10.021052631578947
involve	9.907216494845361
involved	9.607638888888889
iron	9.987730061349692
is	10.046204620462046
island	10.052631578947368
issue	9.527777777777779
it	10.433846153846154
item	9.996978851963746
its	10.044728434504792
itself	10.046012269938650
jacket	9.948275862068966
job	10.082758620689654
join	9.778877887788779
joint	10.013888888888889
joke	9.360824742268042
judge	9.598240469208211
judgment	10.257839721254355
juice	9.767441860465116
jump	9.993243243243244
junior	9.839506172839506
jury	9.885714285714286
just	10.126182965299684
justify	9.689024390243903
keep	10.060317460317460
key	9.345047923322683
kick	9.640000000000001
kid	9.801444043321300
kill	9.875886524822695
kind	9.387900355871887
king	9.652317880794701
kiss	10.438095238095238
kitchen	10.261484098939929
knee	9.911764705882353
knife	10.757097791798108
know	9.376996805111821
knowledge	9.948328267477203
known	10.423452768729641
lab	10.546325878594249
lack	9.591639871382636
ladder	10.028368794326241
lady	10.311728395061728
lake	9.493421052631579
land	10.123028391167193
landscape	9.794029850746268
language	9.200657894736842
large	10.190789473684211
last	10.203125000000000
late	10.200692041522492
later	10.643962848297214
latter	10.601796407185629
laugh	10.464406779661017
law	10.012861736334406
lawyer	9.785016286644952
lay	9.853741496598639
layer	9.928571428571429
lead	10.177215189873417
leader	9.990506329113924
leadership	10.315789473684211
leading	9.786624203821656
league	9.851449275362318
learn	10.017667844522968
least	10.135802469135802
leather	10.236933797909408
leave	10.755852842809364
lecture	9.859060402684564
left	9.659016393442624
leg	9.972508591065292
legal	10.237237237237236
length	10.332278481012658
less	9.697247706422019
lesson	10.250909090909090
let	9.478787878787879
letter	9.362126245847175
level	9.871710526315789
library	9.921232876712329
lie	10.471098265895954
life	10.077380952380953
lift	10.215753424657533
light	9.679867986798680
like	10.071895424836601
likely	9.706081081081081
limit	10.163398692810457
limited	9.990099009900991
line	9.809187279151944
link	9.906832298136646
lip	10.275362318840580
list	10.366459627329192
listen	9.685064935064934
literally	9.656441717791411
literature	9.968309859154930
little	9.519354838709678
live	9.533333333333333
living	9.546666666666667
load	10.186708860759493
loan	10.007042253521126
local	10.301242236024844
location	9.498338870431894
lock	9.859016393442623
log	9.843333333333334
logical	9.796238244514107
lonely	10.719626168224298
long	10.503333333333334
look	10.215116279069768
loose	10.321543408360128
lose	10.101190476190476
loss	10.542682926829269
lost	10.193146417445483
lot	10.604863221884498
loud	10.145833333333334
love	10.335403726708075
low	10.331081081081081
lower	10.354166666666666
luck	10.051051051051051
lucky	10.515151515151516
lunch	10.495238095238095
machine	9.709219858156029
mad	9.880555555555556
magazine	10.304918032786885
mail	10.163636363636364
main	10.056291390728477
mainly	10.121951219512194
maintain	9.793846153846154
maintenance	9.782747603833865
major	10.521885521885523
make	9.661237785016286
male	9.808306709265176
mall	10.317460317460318
man	9.552631578947368
manage	10.359477124183007
management	10.080645161290322
manager	10.345132743362832
manner	9.460714285714285
manufacturer	10.150326797385620
manufacturing	10.223367697594501
many	9.652459016393443
map	10.052980132450331
march	10.551971326164875
mark	10.017361111111111
market	10.038709677419355
marketing	10.055900621118013
marriage	10.093167701863354
married	10.345762711864406
marry	9.560655737704918
massive	10.151515151515152
master	10.071875000000000
match	9.723809523809523
mate	10.068852459016393
material	10.050000000000001
math	10.192660550458715
matter	10.050156739811912
maximum	10.276353276353277
may	10.242857142857142
maybe	10.617088607594937
me	10.547468354430380
meal	10.506250000000000
mean	9.549206349206349
meaning	10.111821086261982
measurement	9.673400673400673
meat	10.461805555555555
media	9.961988304093568
medical	10.260135135135135
medicine	10.437106918238994
medium	10.146103896103897
meet	9.720634920634920
meeting	9.913461538461538
member	10.201342281879194
membership	9.525423728813559
memory	10.616883116883116
mental	9.609836065573770
mention	9.664335664335665
menu	9.723021582733812
merely	10.010067114093960
mess	10.096428571428572
message	10.029702970297029
metal	9.632587859424920
method	9.854838709677420
middle	9.655487804878049
midnight	9.232484076433121
might	10.208459214501511
milk	10.919402985074626
mind	9.444078947368421
mine	10.207236842105264
minimum	10.124183006535947
minor	9.756024096385541
minute	9.644444444444444
mirror	10.546712802768166
miss	9.636963696369637
mission	9.879858657243815
mistake	9.681250000000000
mix	9.219435736677116
mixed	10.386227544910179
mixture	9.815047021943574
mobile	9.646864686468646
mode	10.005934718100891
model	10.148275862068965
mom	10.165048543689320
moment	10.136363636363637
money	9.657807308970099
monitor	10.299342105263158
month	9.996610169491525
mood	9.824137931034484
more	9.759197324414716
moreover	9.806962025316455
morning	10.285714285714286
mortgage	9.987301587301587
most	9.880000000000001
mostly	9.537931034482758
mother	10.382165605095542
motor	9.332268370607029
mountain	10.120129870129871
mouse	9.778097982708934
mouth	10.323129251700680
move	9.519637462235650
movie	9.632508833922261
much	10.130158730158730
mud	10.021806853582554
muscle	9.986928104575163
music	9.649390243902438
must	9.867313915857606
my	9.894557823129253
myself	10.462962962962964
nail	9.832775919732441
name	10.256329113924050
narrow	10.481792717086835
nasty	9.562913907284768
nation	10.212698412698412
national	10.668852459016394
native	9.972602739726028
natural	9.596273291925465
naturally	9.547854785478547
nature	10.147157190635452
near	9.609154929577464
nearby	10.094915254237288
nearly	10.138157894736842
neat	10.189274447949527
necessarily	10.772575250836120
necessary	9.927672955974844
neck	10.210031347962383
need	9.409266409266410
negative	9.787162162162161
negotiate	10.024221453287197
negotiation	9.932721712538227
neither	10.194719471947195
nerve	9.712460063897764
nervous	10.251908396946565
net	10.056716417910447
network	10.301754385964912
never	10.321799307958477
new	10.157556270096464
news	9.763239875389408
newspaper	9.792253521126760
next	9.658783783783784
nice	9.828467153284672
night	10.145270270270270
no	9.598639455782314
nobody	10.053763440860216
noise	10.554054054054054
none	9.901023890784982
nor	9.757668711656441
normal	9.577922077922079
normally	9.971061093247588
north	10.010000000000000
nose	9.800000000000001
not	10.437931034482759
note	10.528481012658228
nothing	9.576923076923077
notice	9.818791946308725
novel	9.957894736842105
now	9.942567567567568
nowhere	9.762658227848101
number	10.095394736842104
numerous	10.034055727554179
nurse	10.337500000000000
object	10.064308681672026
objective	10.717857142857143
obligation	9.945512820512821
obtain	9.583916083916083
obvious	10.465753424657533
obviously	9.836805555555555
occasion	9.516516516516516
occasionally	9.923076923076923
occur	10.966767371601209
odd	10.003067484662576
of	10.570967741935483
off	9.681250000000000
offer	10.694158075601374
office	9.653846153846153
officer	9.682432432432432
official	10.256666666666666
often	9.458213256484150
oil	9.920634920634921
ok	9.962837837837839
old	9.578431372549019
on	9.575342465753424
once	9.781690140845070
one	9.466666666666667
only	11.040247678018575
open	10.086705202312139
opening	10.030864197530864
operate	10.291666666666666
operation	10.398601398601398
opinion	9.872791519434630
opportunity	9.831210191082803
opposite	10.205882352941176
option	10.006802721088436
or	9.937704918032788
orange	9.457055214723926
order	10.115264797507788
ordinary	10.096774193548388
organization	9.663430420711974
organize	10.273885350318471
organized	10.159468438538205
original	10.005970149253731
originally	9.550000000000001
other	10.202657807308970
otherwise	10.442906574394463
ought	10.096774193548388
our	9.968750000000000
ourselves	10.103225806451613
out	9.837931034482759
outcome	10.449511400651465
outside	9.963815789473685
oven	9.984227129337539
over	10.385113268608414
overall	10.340740740740740
overcome	10.172881355932203
owe	10.334572490706320
own	9.799352750809062
owner	10.387755102040817
pace	10.019933554817277
pack	9.458620689655172
package	9.806228373702423
page	9.921135646687697
pain	9.856164383561644
paint	10.219594594594595
painting	10.332258064516129
pair	9.182634730538922
panic	9.972881355932204
paper	9.544910179640718
parent	10.481228668941979
park	9.835526315789474
parking	9.747603833865815
part	10.117647058823529
participate	9.145328719723183
particular	10.498402555910543
partner	9.770270270270270
party	9.842809364548495
pass	9.721254355400697
passage	10.425170068027210
passenger	9.160000000000000
passion	10.084084084084084
past	9.869426751592357
path	9.642140468227424
patience	9.876971608832807
patient	9.538461538461538
pattern	10.534653465346535
pause	9.736156351791530
pay	9.852941176470589
payment	10.074074074074074
peace	9.919161676646707
peak	10.066666666666666
pen	9.712177121771218
penalty	10.012307692307692
pension	10.066246056782335
people	10.315625000000001
percentage	9.661129568106313
perception	10.542763157894736
perfect	9.641379310344828
perfectly	10.154574132492113
perform	10.273356401384083
performance	9.782608695652174
period	10.050167224080267
permission	9.957654723127035
permit	10.020527859237538
person	10.271875000000000
personal	10.242622950819673
personality	10.141065830721002
personally	9.783606557377048
perspective	10.108695652173912
persuade	9.778156996587031
phase	9.593167701863354
philosophy	10.018808777429467
phone	10.377049180327869
photo	9.898989898989900
phrase	10.206779661016949
physical	10.204892966360855
physically	10.093750000000000
physics	9.879310344827585
piano	9.705501618122977
pick	9.462837837837839
picture	9.875420875420875
pie	9.978193146417446
piece	9.727272727272727
pin	10.274447949526813
pipe	9.833865814696486
pitch	9.933933933933934
pizza	10.408408408408409
place	10.103942652329749
plan	9.774603174603175
plane	9.757475083056478
plant	10.444444444444445
plastic	9.647249190938512
plate	9.657627118644069
platform	10.412500000000000
play	10.173469387755102
player	10.439739413680782
pleasant	10.447949526813881
please	10.013559322033899
pleased	9.631399317406144
pleasure	9.467105263157896
plenty	10.136075949367088
plus	10.646864686468646
poem	9.932907348242811
poet	9.874074074074073
poetry	10.154798761609907
point	10.261744966442953
police	10.211895910780669
policy	10.415584415584416
political	10.279069767441861
politics	10.100946372239747
pollution	9.783870967741935
pool	9.586419753086419
poor	9.746666666666666
pop	9.975000000000000
popular	9.716216216216216
population	10.471830985915492
position	9.923076923076923
positive	10.741214057507987
possess	10.259146341463415
possession	10.279605263157896
possibility	10.500000000000000
possible	10.287539936102236
possibly	9.396039603960396
post	9.757377049180327
pot	9.791411042944786
potato	9.427561837455830
potential	10.088414634146341
pound	10.458904109589040
pour	9.645484949832776
power	10.003424657534246
powerful	10.056291390728477
practical	9.655948553054662
practice	10.573667711598747
pray	9.871080139372822
prefer	9.960854092526690
preference	9.839743589743589
pregnant	9.454545454545455
preparation	9.648829431438127
prepare	9.894557823129253
presence	10.434374999999999
present	10.208053691275168
presentation	10.155555555555555
president	9.764331210191083
press	9.787769784172662
pressure	10.439739413680782
pretend	9.810344827586206
pretty	9.972602739726028
prevent	9.863636363636363
previous	10.307936507936509
previously	9.647798742138365
price	10.155555555555555
pride	9.831715210355988
priest	9.356164383561644
primarily	10.107594936708860
primary	9.504918032786886
principle	9.704626334519572
print	9.957928802588997
prior	10.227272727272727
priority	9.776315789473685
private	9.709375000000000
prize	9.896449704142011
probably	10.160990712074303
problem	9.819620253164556
procedure	9.273356401384083
process	9.963696369636963
produce	9.788079470198676
product	10.405594405594405
profession	9.827476038338657
professional	10.655063291139241
professor	9.591772151898734
profile	10.385579937304076
profit	9.634304207119740
program	9.632302405498281
progress	9.796774193548387
project	9.853035143769969
promise	9.723684210526315
promotion	9.875838926174497
prompt	9.789830508474576
proof	9.877675840978593
proper	10.225255972696246
properly	9.907749077490775
property	10.304761904761905
proposal	9.595611285266457
propose	9.792253521126760
proposed	10.170568561872910
protect	9.879478827361563
protection	10.127450980392156
proud	9.927586206896551
prove	10.313479623824451
provide	10.562711864406779
provided	9.841328413284133
psychological	9.359430604982206
psychology	9.576051779935275
public	9.833333333333334
pull	10.105454545454545
punch	9.569023569023569
purchase	9.755700325732899
pure	10.520000000000000
purple	10.075409836065575
purpose	10.563291139240507
pursue	10.517241379310345
push	10.331125827814569
put	10.337313432835820
qualify	9.973293768545995
quality	9.867595818815332
quantity	10.317460317460318
quarter	10.003300330033003
queen	9.907643312101911
question	10.041269841269841
quick	10.258358662613981
quickly	10.804054054054054
quiet	9.197916666666666
quit	10.137583892617450
quite	9.662576687116564
quote	10.590747330960854
race	10.451104100946372
radio	9.753164556962025
rain	10.244966442953020
raise	9.892508143322475
range	10.415807560137457
rare	9.491694352159469
rarely	10.201219512195122
rate	9.862318840579711
rather	10.106583072100314
ratio	10.232786885245902
raw	9.600000000000000
reach	9.775000000000000
react	9.670329670329670
reaction	10.413793103448276
read	9.964516129032258
readily	10.363636363636363
reading	9.503246753246753
ready	10.012903225806452
real	9.431192660550458
realistic	9.887417218543046
reality	9.962732919254659
realize	9.319587628865980
really	10.293209876543211
reason	10.576666666666666
reasonable	9.322884012539184
receive	9.295774647887324
recent	9.985347985347985
recently	10.531561461794020
reception	9.709558823529411
recipe	9.383900928792571
recognition	10.054794520547945
recognize	9.996805111821086
recommend	10.392739273927393
recommendation	9.826498422712934
record	10.086956521739131
recording	10.113636363636363
recover	9.786163522012579
red	10.381107491856678
reduce	9.565068493150685
refer	9.985130111524164
reference	10.475409836065573
reflect	10.043478260869565
reflection	10.350453172205437
refrigerator	9.598540145985401
refuse	9.798107255520504
region	9.980830670926517
register	10.169934640522875
regret	10.252595155709342
regular	10.015576323987538
regularly	9.797872340425531
relate	10.504672897196262
related	9.278481012658228
relation	9.942176870748300
relationship	10.117647058823529
relative	9.869841269841270
relatively	10.160535117056856
relax	9.955128205128204
release	9.931034482758621
relevant	10.216560509554141
relief	10.046204620462046
relieve	10.196013289036545
rely	9.448275862068966
remain	10.234177215189874
remaining	10.307443365695793
remarkable	9.547400611620795
remember	9.496666666666666
remind	10.006968641114982
remote	10.308196721311475
remove	9.814465408805031
rent	10.015873015873016
repair	9.673539518900343
repeat	10.171617161716172
replace	9.692307692307692
replacement	10.050147492625369
reply	10.280864197530864
report	9.859281437125748
represent	10.340983606557376
representative	10.013029315960912
republic	10.248427672955975
reputation	10.224358974358974
request	10.253776435045317
require	10.120274914089347
requirement	10.269592476489029
research	9.780864197530864
reserve	10.661538461538461
resident	10.498442367601246
resist	10.217765042979943
resolution	10.250000000000000
resolve	9.936363636363636
resort	10.000000000000000
resource	9.622775800711743
respect	9.493288590604028
respond	10.573248407643312
response	10.689230769230770
responsibility	10.087108013937282
responsible	10.367741935483870
rest	10.316666666666666
restaurant	10.478723404255319
result	9.958904109589040
retain	10.086419753086419
retire	10.071856287425149
return	9.774691358024691
reveal	9.605177993527509
revenue	10.079178885630499
review	9.883720930232558
revolution	9.706624605678233
reward	9.396875000000000
rice	10.234920634920634
rich	10.226666666666667
rid	9.872180451127820
ride	10.077441077441078
right	10.023809523809524
ring	9.925287356321839
rip	9.765957446808510
rise	9.956666666666667
risk	10.307692307692308
river	10.198630136986301
road	10.681114551083592
rock	10.043887147335424
role	9.900000000000000
roll	10.541420118343195
roof	10.311764705882354
room	10.259615384615385
rope	9.682389937106919
rough	9.716666666666667
roughly	10.084175084175085
round	10.300613496932515
routine	10.066666666666666
row	10.242811501597444
royal	9.982195845697330
rub	9.909090909090908
ruin	10.383647798742139
rule	9.356037151702786
run	10.227424749163880
rush	9.898016997167138
sad	9.694267515923567
safe	9.775086505190311
safety	10.044067796610170
sail	10.407534246575343
salad	9.887850467289720
salary	10.500000000000000
sale	10.139240506329115
salt	10.344086021505376
same	10.394557823129253
sample	10.148698884758364
sand	9.876876876876876
sandwich	10.125850340136054
satisfaction	10.080808080808081
save	9.952542372881355
saving	10.074999999999999
say	10.010489510489510
scale	10.492113564668770
scared	10.194719471947195
scene	9.721254355400697
schedule	9.740131578947368
scheme	10.109589041095891
school	9.552631578947368
science	10.110787172011662
score	10.072164948453608
scratch	9.902017291066283
screen	10.003154574132493
screw	10.121951219512194
script	10.381270903010034
sea	9.617363344051446
search	10.099337748344372
season	10.053511705685619
seat	10.486153846153845
second	10.728522336769759
secret	10.049342105263158
secretary	10.199999999999999
section	9.468531468531468
sector	10.065217391304348
secure	9.300940438871473
security	10.109999999999999
see	10.112280701754386
seek	10.138364779874214
seem	9.987460815047022
select	10.123711340206185
selection	10.213592233009710
self	9.982456140350877
sell	10.278571428571428
send	10.003311258278146
senior	10.006134969325153
sense	10.125000000000000
sensitive	10.040625000000000
sentence	10.052117263843648
separate	10.094594594594595
series	9.475000000000000
serious	9.709876543209877
seriously	10.107255520504731
serve	10.926470588235293
service	9.696078431372548
session	9.421428571428571
set	9.976821192052981
setting	10.198776758409785
settle	9.745819397993310
several	10.307443365695793
severe	10.491638795986622
sex	10.191616766467066
sexual	9.690322580645160
shake	10.121771217712178
shall	10.050445103857566
shame	10.301587301587302
shape	10.056603773584905
share	9.926045016077170
sharp	10.063829787234043
she	10.150183150183150
shelter	9.894285714285715
shift	9.622699386503067
shine	9.864686468646864
ship	9.664451827242525
shirt	9.772413793103448
shock	10.259493670886076
shoe	9.889261744966444
shoot	9.778735632183908
shop	10.234482758620690
shopping	10.111475409836066
short	10.396666666666667
shot	9.474637681159420
should	10.248322147651006
shoulder	10.263157894736842
show	9.754045307443366
shower	9.829861111111111
shut	9.819727891156463
sick	9.328719723183392
side	9.771159874608150
sign	9.613861386138614
signal	10.530487804878049
signature	10.129793510324484
significance	10.159420289855072
significant	10.246913580246913
significantly	9.976608187134502
silly	10.221212121212121
silver	9.714814814814815
similar	10.596026490066226
similarly	10.343137254901961
simple	9.841423948220065
simply	9.978125000000000
since	10.163879598662207
sing	9.875776397515528
singer	9.828947368421053
single	10.296428571428571
sink	9.505119453924914
sir	10.490384615384615
sister	9.496815286624203
sit	9.802816901408450
site	10.032467532467532
situation	10.195439739413681
size	9.388349514563107
skill	9.369047619047619
skin	10.250803858520900
skirt	9.993589743589743
sky	10.146974063400576
sleep	10.315789473684211
slice	10.018867924528301
slide	9.631410256410257
slight	10.050000000000001
slightly	9.644736842105264
slip	10.418749999999999
slow	10.009090909090910
slowly	10.616438356164384
small	9.947194719471947
smart	10.165048543689320
smell	9.670068027210885
smile	10.441358024691358
smoke	10.406557377049181
smooth	9.884488448844884
snow	10.107023411371237
so	10.106707317073171
society	10.348242811501597
sock	10.046583850931677
soft	9.975155279503106
software	10.263888888888889
soil	10.275862068965518
solid	9.707641196013290
solution	9.765886287625419
solve	10.292604501607718
some	10.375415282392026
somebody	10.441176470588236
somehow	9.678018575851393
someone	9.622377622377622
something	9.476489028213166
sometimes	9.515050167224080
somewhat	10.393548387096773
somewhere	9.854037267080745
son	9.595317725752508
song	10.204460966542751
soon	10.150000000000000
sorry	10.518750000000001
sort	9.722560975609756
sound	10.312302839116720
soup	10.291793313069908
source	9.570967741935483
south	9.481927710843374
southern	10.489655172413793
space	9.743150684931507
spare	9.583892617449665
speak	9.359872611464969
speaker	10.155339805825243
special	9.898601398601398
specialist	10.297297297297296
specific	9.875000000000000
specifically	10.000000000000000
specify	10.351190476190476
speech	9.615384615384615
speed	9.790625000000000
spell	9.230240549828178
spend	9.472049689440993
spirit	10.003472222222221
spiritual	9.986254295532646
spite	10.270700636942674
split	10.662162162162161
sport	10.132307692307693
spot	10.463576158940397
spray	9.926421404682275
spread	10.296666666666667
spring	9.322259136212624
square	9.297029702970297
stable	10.405572755417957
staff	9.923076923076923
stage	10.097345132743364
stand	10.138047138047138
standard	10.170347003154575
star	10.505190311418685
start	9.934362934362934
state	10.087591240875913
statement	9.600000000000000
station	9.586885245901639
status	9.643750000000001
stay	9.468750000000000
steak	10.725694444444445
steal	10.342105263157896
step	9.689873417721518
stick	10.160130718954248
still	10.227758007117437
stock	10.243902439024390
stomach	9.830769230769231
stop	9.683544303797468
storage	9.928571428571429
store	9.854489164086687
storm	9.888888888888889
story	10.035369774919614
straight	10.280936454849499
strain	10.099656357388316
strange	10.097791798107256
stranger	9.827476038338657
strategy	10.168224299065420
street	9.636942675159236
strength	9.609154929577464
stress	10.099378881987578
stretch	10.232209737827715
strict	9.886792452830189
strike	10.128617363344052
string	10.143302180685358
strip	9.940972222222221
stroke	9.726962457337883
strong	9.699669966996700
strongly	9.235690235690235
structure	9.764864864864865
struggle	9.558441558441558
student	9.934931506849315
studio	10.689855072463768
study	9.691780821917808
stuff	9.591503267973856
stupid	9.813291139240507
style	9.682847896440130
subject	9.414141414141413
submit	10.429042904290428
substance	9.853658536585366
substantial	10.165441176470589
succeed	10.151724137931035
success	9.905084745762712
successful	9.544072948328267
successfully	10.038834951456311
such	9.968454258675079
suck	10.348387096774193
sudden	10.276190476190477
suddenly	9.667638483965014
suffer	10.179012345679013
sufficient	9.563636363636364
sugar	9.724637681159420
suggest	9.323024054982818
suggestion	10.453287197231834
suit	9.726443768996960
suitable	10.139372822299652
summer	10.227692307692308
sun	10.765765765765765
super	10.016286644951141
supermarket	10.090000000000000
supply	9.334394904458598
support	10.248344370860927
suppose	10.483076923076924
sure	10.233333333333333
surgery	10.042944785276074
surprise	9.957792207792208
surprised	9.434250764525993
surround	9.743333333333334
survey	10.553398058252426
survive	9.931137724550899
suspect	10.007017543859648
suspicious	10.796116504854369
sweet	9.985294117647058
swim	9.865942028985508
swimming	9.503496503496503
swing	9.406143344709898
switch	10.060126582278482
sympathy	10.223333333333333
system	10.626865671641792
table	9.657718120805368
tackle	10.045307443365695
take	9.976973684210526
tale	10.234375000000000
talk	10.209439528023600
tall	9.612903225806452
tank	9.737012987012987
tap	10.449685534591195
target	10.114814814814816
task	9.523659305993691
taste	9.950155763239875
tax	10.105590062111801
tea	10.438775510204081
teach	10.864077669902912
teacher	10.003225806451614
teaching	10.054487179487179
team	10.273584905660377
tear	9.221854304635762
technical	10.584664536741213
technology	10.199346405228757
telephone	9.675757575757576
television	9.783699059561128
tell	10.112121212121211
temperature	10.143333333333333
temporary	9.996491228070175
tend	10.109589041095891
tennis	9.805369127516778
tension	10.210682492581602
term	10.087096774193549
terrible	10.467948717948717
terribly	10.070967741935483
test	10.006250000000000
text	9.997050147492626
than	9.924528301886792
thank	9.828571428571429
thanks	9.980392156862745
that	10.513888888888889
the	9.789855072463768
their	10.683636363636364
them	9.774545454545455
theme	9.814102564102564
themselves	10.458064516129033
then	9.891719745222931
theory	10.044728434504792
there	10.082018927444794
therefore	10.105113636363637
these	10.430817610062894
they	9.896321070234114
thick	10.705882352941176
thin	10.029315960912053
thing	9.740875912408759
think	9.885196374622357
this	9.826366559485530
those	10.135922330097088
though	10.171717171717171
thought	9.675925925925926
three	9.678700361010831
throat	9.899253731343284
through	9.784982935153584
throughout	10.128919860627178
throw	10.003267973856209
thus	9.867741935483870
ticket	9.953333333333333
tie	9.990415335463259
tight	9.806228373702423
till	10.000000000000000
time	9.904069767441861
tiny	10.521172638436482
tip	9.716783216783217
tired	9.889212827988338
title	10.546325878594249
to	10.448717948717949
today	10.103202846975089
toe	10.003367003367003
together	9.715151515151515
tomorrow	10.015673981191222
tone	10.199999999999999
tongue	10.106227106227106
tonight	10.626582278481013
too	9.955932203389830
tool	9.617021276595745
tooth	10.233449477351916
top	9.866171003717472
topic	9.953020134228188
total	10.213523131672599
totally	9.905405405405405
touch	9.854938271604938
tough	9.979933110367893
tour	10.292207792207792
tourist	9.959876543209877
towards	10.282828282828282
towel	9.820945945945946
tower	9.465949820788531
town	9.877551020408163
track	10.046153846153846
trade	9.841269841269842
tradition	10.293768545994066
traditional	10.154362416107382
traffic	9.653250773993808
train	9.881250000000000
trainer	9.293209876543211
training	9.738562091503267
transition	9.948148148148148
translate	10.130573248407643
transportation	10.787500000000000
trash	9.885245901639344
travel	10.115241635687733
treat	10.244372990353698
tree	10.245033112582782
trick	10.243161094224924
trip	10.028070175438597
trouble	10.336231884057971
truck	10.347826086956522
true	10.029498525073747
truly	10.225433526011560
trust	9.761609907120743
truth	10.089965397923875
try	9.954397394136809
tune	10.211764705882352
turn	9.731958762886597
twice	9.893292682926829
twist	9.560000000000000
two	9.946488294314381
type	10.392857142857142
typical	9.919753086419753
ugly	10.012820512820513
ultimately	10.036544850498339
unable	10.095975232198143
uncle	10.304635761589404
under	10.033670033670033
understand	9.823529411764707
understanding	9.641447368421053
unfair	9.706896551724139
unfortunately	10.208695652173914
unhappy	10.003322259136212
union	10.047619047619047
unique	10.430463576158941
unit	10.073426573426573
united	10.597938144329897
university	10.177215189873417
unless	10.084905660377359
unlikely	9.605421686746988
until	9.887850467289720
unusual	9.872340425531915
up	9.775757575757575
upon	10.442996742671010
upper	10.541401273885350
upset	9.814814814814815
upstairs	9.748407643312103
us	10.044067796610170
use	10.172523961661343
used	10.217993079584774
useful	9.990099009900991
user	9.987220447284345
usual	9.931159420289855
usually	9.525679758308158
vacation	9.767857142857142
valuable	9.947540983606558
value	9.964401294498382
variation	9.861635220125786
variety	9.442622950819672
various	9.941896024464832
vary	10.244444444444444
vast	10.823529411764707
vegetable	10.087878787878788
vehicle	10.245733788395905
version	9.682310469314080
very	9.266666666666667
video	10.207920792079207
view	9.527027027027026
village	10.075144508670521
virtually	10.068027210884354
virus	10.024615384615384
visible	10.134375000000000
visit	9.603278688524590
visual	9.987055016181230
voice	9.645985401459853
volume	9.742574257425742
wait	9.676646706586826
wake	9.980519480519481
walk	10.121212121212121
wall	10.556231003039514
want	10.189189189189189
war	10.174342105263158
warm	10.420731707317072
warn	9.790540540540540
warning	10.152866242038217
was	10.401197604790418
wash	9.927392739273927
waste	9.971608832807570
watch	9.643874643874645
water	10.184848484848485
wave	9.870769230769231
way	10.526027397260274
we	9.452054794520548
weak	9.931547619047619
weakness	9.970198675496690
wealth	9.975460122699387
wear	9.949832775919733
weather	10.070707070707071
web	10.043613707165109
wedding	9.996835443037975
week	10.096153846153847
weekend	9.537037037037036
weekly	10.228476821192054
weigh	9.565789473684211
weight	9.578274760383387
weird	9.243589743589743
welcome	10.088435374149659
well	9.500000000000000
were	10.047468354430380
west	9.793814432989691
western	9.767918088737201
what	10.540625000000000
whatever	10.133116883116884
wheel	10.386759581881533
when	9.779220779220779
whenever	9.541254125412541
where	9.941368078175897
whereas	9.782051282051283
whether	9.881028938906752
which	9.940119760479043
while	10.524590163934427
white	10.360389610389610
who	10.023026315789474
whoever	9.265100671140939
whole	10.334302325581396
whose	9.581699346405228
why	9.832236842105264
wide	10.726027397260275
widely	10.470779220779221
wife	9.670212765957446
wild	9.962848297213622
will	9.617328519855596
willing	9.996677740863788
win	10.131901840490798
wind	10.646853146853147
window	9.516923076923076
wine	10.046439628482972
wing	9.731788079470199
winner	9.945859872611464
winter	10.019672131147541
wise	10.109589041095891
wish	10.493421052631579
with	10.269230769230770
within	9.769230769230770
without	10.006309148264984
witness	10.087500000000000
woman	9.690721649484535
wonder	10.037037037037036
wonderful	10.146579804560261
wood	9.825545171339565
wooden	9.153024911032029
word	10.101351351351351
work	9.850467289719626
worker	10.218354430379748
working	10.395348837209303
world	9.803174603174604
worried	9.769480519480519
worry	9.617210682492582
worth	10.646153846153846
would	9.630136986301370
wrap	9.825958702064897
write	10.118012422360248
writer	10.458860759493671
writing	10.282894736842104
wrong	9.831034482758621
yard	9.635379061371841
yeah	9.946488294314381
year	9.921568627450981
yellow	10.544585987261147
yes	10.309278350515465
yesterday	9.613636363636363
yet	9.510563380281690
you	10.403560830860535
young	9.917491749174918
your	10.459074733096086
yours	9.370253164556962
yourself	9.451923076923077
youth	10.145631067961165
zone	10.375796178343949
